\BOOKMARK [0][-]{chapter*.1}{\376\377\000A\000c\000k\000n\000o\000w\000l\000e\000d\000g\000m\000e\000n\000t\000s}{}% 1
\BOOKMARK [0][-]{chapter*.5}{\376\377\000I\000n\000t\000r\000o\000d\000u\000c\000t\000i\000o\000n}{}% 2
\BOOKMARK [0][-]{chapter.1}{\376\377\000C\000o\000m\000p\000a\000n\000y\000\040\000O\000v\000e\000r\000v\000i\000e\000w}{}% 3
\BOOKMARK [1][-]{section.1.1}{\376\377\000A\000b\000o\000u\000t\000\040\000S\000e\000e\000k\000M\000a\000k\000e}{chapter.1}% 4
\BOOKMARK [0][-]{chapter.2}{\376\377\000Q\000u\000a\000l\000i\000t\000y\000\040\000A\000s\000s\000u\000r\000a\000n\000c\000e\000\040\000F\000r\000a\000m\000e\000w\000o\000r\000k}{}% 5
\BOOKMARK [1][-]{section.2.1}{\376\377\000I\000n\000t\000r\000o\000d\000u\000c\000t\000i\000o\000n}{chapter.2}% 6
\BOOKMARK [1][-]{section.2.2}{\376\377\000Q\000u\000a\000l\000i\000t\000y\000\040\000A\000s\000s\000u\000r\000a\000n\000c\000e\000\040\000v\000s\000\040\000T\000e\000s\000t\000i\000n\000g}{chapter.2}% 7
\BOOKMARK [2][-]{subsection.2.2.1}{\376\377\000Q\000u\000a\000l\000i\000t\000y\000\040\000A\000s\000s\000u\000r\000a\000n\000c\000e}{section.2.2}% 8
\BOOKMARK [2][-]{subsection.2.2.2}{\376\377\000S\000o\000f\000t\000w\000a\000r\000e\000\040\000T\000e\000s\000t\000i\000n\000g}{section.2.2}% 9
\BOOKMARK [2][-]{subsection.2.2.3}{\376\377\000D\000i\000f\000f\000e\000r\000e\000n\000c\000e\000s\000\040\000a\000n\000d\000\040\000C\000o\000m\000p\000l\000e\000m\000e\000n\000t\000a\000r\000i\000t\000y}{section.2.2}% 10
\BOOKMARK [1][-]{section.2.3}{\376\377\000S\000c\000r\000u\000m\000\040\000M\000e\000t\000h\000o\000d\000o\000l\000o\000g\000y}{chapter.2}% 11
\BOOKMARK [2][-]{subsection.2.3.1}{\376\377\000S\000c\000r\000u\000m\000\040\000O\000v\000e\000r\000v\000i\000e\000w}{section.2.3}% 12
\BOOKMARK [2][-]{subsection.2.3.2}{\376\377\000S\000c\000r\000u\000m\000\040\000T\000e\000a\000m}{section.2.3}% 13
\BOOKMARK [2][-]{subsection.2.3.3}{\376\377\000S\000c\000r\000u\000m\000\040\000E\000v\000e\000n\000t\000s}{section.2.3}% 14
\BOOKMARK [1][-]{section.2.4}{\376\377\000I\000n\000t\000e\000g\000r\000a\000t\000i\000o\000n\000\040\000o\000f\000\040\000D\000e\000v\000O\000p\000s}{chapter.2}% 15
\BOOKMARK [2][-]{subsection.2.4.1}{\376\377\000D\000e\000v\000O\000p\000s\000\040\000O\000v\000e\000r\000v\000i\000e\000w}{section.2.4}% 16
\BOOKMARK [1][-]{section.2.5}{\376\377\000T\000e\000s\000t\000i\000n\000g\000\040\000S\000t\000r\000a\000t\000e\000g\000y}{chapter.2}% 17
\BOOKMARK [2][-]{subsection.2.5.1}{\376\377\000T\000e\000s\000t\000i\000n\000g\000\040\000O\000b\000j\000e\000c\000t\000i\000v\000e\000s}{section.2.5}% 18
\BOOKMARK [2][-]{subsection.2.5.2}{\376\377\000T\000e\000s\000t\000i\000n\000g\000\040\000S\000c\000o\000p\000e}{section.2.5}% 19
\BOOKMARK [2][-]{subsection.2.5.3}{\376\377\000T\000e\000s\000t\000i\000n\000g\000\040\000R\000e\000s\000o\000u\000r\000c\000e\000s}{section.2.5}% 20
\BOOKMARK [1][-]{section.2.6}{\376\377\000T\000e\000s\000t\000i\000n\000g\000\040\000T\000y\000p\000e\000s}{chapter.2}% 21
\BOOKMARK [2][-]{subsection.2.6.1}{\376\377\000F\000u\000n\000c\000t\000i\000o\000n\000a\000l\000\040\000T\000e\000s\000t\000i\000n\000g}{section.2.6}% 22
\BOOKMARK [2][-]{subsection.2.6.2}{\376\377\000N\000o\000n\000-\000F\000u\000n\000c\000t\000i\000o\000n\000a\000l\000\040\000T\000e\000s\000t\000i\000n\000g}{section.2.6}% 23
\BOOKMARK [2][-]{subsection.2.6.3}{\376\377\000B\000l\000a\000c\000k\000-\000b\000o\000x\000\040\000T\000e\000s\000t\000i\000n\000g}{section.2.6}% 24
\BOOKMARK [1][-]{section.2.7}{\376\377\000T\000e\000s\000t\000i\000n\000g\000\040\000T\000o\000o\000l\000s}{chapter.2}% 25
\BOOKMARK [2][-]{subsection.2.7.1}{\376\377\000G\000i\000t\000H\000u\000b\000,\000\040\000G\000i\000t\000H\000u\000b\000\040\000A\000c\000t\000i\000o\000n\000s\000\040\000a\000n\000d\000\040\000G\000i\000t\000H\000u\000b\000\040\000P\000r\000o\000j\000e\000c\000t\000s}{section.2.7}% 26
\BOOKMARK [2][-]{subsection.2.7.2}{\376\377\000P\000l\000a\000y\000w\000r\000i\000g\000h\000t}{section.2.7}% 27
\BOOKMARK [2][-]{subsection.2.7.3}{\376\377\000M\000i\000c\000r\000o\000s\000o\000f\000t\000\040\000T\000e\000a\000m\000s}{section.2.7}% 28
\BOOKMARK [2][-]{subsection.2.7.4}{\376\377\000B\000r\000o\000w\000s\000e\000r\000S\000t\000a\000c\000k\000\040\000L\000i\000v\000e}{section.2.7}% 29
\BOOKMARK [2][-]{subsection.2.7.5}{\376\377\000L\000i\000g\000h\000t\000h\000o\000u\000s\000e}{section.2.7}% 30
\BOOKMARK [1][-]{section.2.8}{\376\377\000T\000e\000s\000t\000i\000n\000g\000\040\000T\000e\000c\000h\000n\000i\000q\000u\000e\000s}{chapter.2}% 31
\BOOKMARK [2][-]{subsection.2.8.1}{\376\377\000B\000l\000a\000c\000k\000-\000b\000o\000x\000\040\000T\000e\000s\000t\000i\000n\000g\000\040\000T\000e\000c\000h\000n\000i\000q\000u\000e\000s}{section.2.8}% 32
\BOOKMARK [2][-]{subsection.2.8.2}{\376\377\000E\000x\000p\000e\000r\000i\000e\000n\000c\000e\000-\000b\000a\000s\000e\000d\000\040\000T\000e\000s\000t\000i\000n\000g\000\040\000T\000e\000c\000h\000n\000i\000q\000u\000e\000s}{section.2.8}% 33
\BOOKMARK [1][-]{section.2.9}{\376\377\000S\000u\000m\000m\000a\000r\000y}{chapter.2}% 34
\BOOKMARK [0][-]{chapter.3}{\376\377\000E\000x\000p\000l\000o\000r\000a\000t\000o\000r\000y\000\040\000T\000e\000s\000t\000i\000n\000g\000\040\000I\000n\000s\000i\000g\000h\000t\000s}{}% 35
\BOOKMARK [1][-]{section.3.1}{\376\377\000I\000n\000t\000r\000o\000d\000u\000c\000t\000i\000o\000n}{chapter.3}% 36
\BOOKMARK [1][-]{section.3.2}{\376\377\000B\000a\000c\000k\000g\000r\000o\000u\000n\000d}{chapter.3}% 37
\BOOKMARK [1][-]{section.3.3}{\376\377\000T\000e\000s\000t\000i\000n\000g\000\040\000A\000p\000p\000r\000o\000a\000c\000h}{chapter.3}% 38
\BOOKMARK [2][-]{subsection.3.3.1}{\376\377\000M\000i\000c\000r\000o\000\040\000F\000r\000o\000n\000t\000e\000n\000d\000s\000\040\000A\000r\000c\000h\000i\000t\000e\000c\000t\000u\000r\000e}{section.3.3}% 39
\BOOKMARK [2][-]{subsection.3.3.2}{\376\377\000C\000h\000e\000c\000k\000l\000i\000s\000t\000s}{section.3.3}% 40
\BOOKMARK [1][-]{section.3.4}{\376\377\000W\000e\000b\000\040\000A\000p\000p\000l\000i\000c\000a\000t\000i\000o\000n\000\040\000E\000n\000v\000i\000r\000o\000n\000m\000e\000n\000t}{chapter.3}% 41
\BOOKMARK [2][-]{subsection.3.4.1}{\376\377\000P\000r\000o\000d\000u\000c\000t\000i\000o\000n}{section.3.4}% 42
\BOOKMARK [2][-]{subsection.3.4.2}{\376\377\000S\000t\000a\000g\000i\000n\000g}{section.3.4}% 43
\BOOKMARK [2][-]{subsection.3.4.3}{\376\377\000D\000e\000v\000e\000l\000o\000p\000m\000e\000n\000t}{section.3.4}% 44
\BOOKMARK [1][-]{section.3.5}{\376\377\000T\000e\000s\000t\000i\000n\000g\000\040\000R\000e\000s\000u\000l\000t\000s}{chapter.3}% 45
\BOOKMARK [2][-]{subsection.3.5.1}{\376\377\000B\000u\000g\000s\000\040\000a\000n\000d\000\040\000I\000s\000s\000u\000e\000s}{section.3.5}% 46
\BOOKMARK [1][-]{section.3.6}{\376\377\000S\000u\000m\000m\000a\000r\000y}{chapter.3}% 47
\BOOKMARK [0][-]{chapter.4}{\376\377\000E\000n\000d\000-\000t\000o\000-\000E\000n\000d\000\040\000T\000e\000s\000t\000i\000n\000g\000\040\000a\000n\000d\000\040\000A\000u\000t\000o\000m\000a\000t\000i\000o\000n}{}% 48
\BOOKMARK [1][-]{section.4.1}{\376\377\000I\000n\000t\000r\000o\000d\000u\000c\000t\000i\000o\000n}{chapter.4}% 49
\BOOKMARK [1][-]{section.4.2}{\376\377\000E\0002\000E\000\040\000T\000e\000s\000t\000i\000n\000g\000\040\000F\000u\000n\000d\000a\000m\000e\000n\000t\000a\000l\000s}{chapter.4}% 50
\BOOKMARK [2][-]{subsection.4.2.1}{\376\377\000G\000o\000a\000l\000s}{section.4.2}% 51
\BOOKMARK [2][-]{subsection.4.2.2}{\376\377\000B\000e\000n\000e\000f\000i\000t\000s}{section.4.2}% 52
\BOOKMARK [1][-]{section.4.3}{\376\377\000E\0002\000E\000\040\000T\000e\000s\000t\000i\000n\000g\000\040\000S\000t\000r\000a\000t\000e\000g\000y\000\040\000a\000t\000\040\000S\000e\000e\000k\000M\000a\000k\000e}{chapter.4}% 53
\BOOKMARK [2][-]{subsection.4.3.1}{\376\377\000T\000e\000s\000t\000\040\000E\000n\000v\000i\000r\000o\000n\000m\000e\000n\000t\000\040\000S\000e\000t\000u\000p}{section.4.3}% 54
\BOOKMARK [2][-]{subsection.4.3.2}{\376\377\000T\000e\000s\000t\000\040\000P\000l\000a\000n\000n\000i\000n\000g\000\040\000A\000p\000p\000r\000o\000a\000c\000h}{section.4.3}% 55
\BOOKMARK [2][-]{subsection.4.3.3}{\376\377\000T\000e\000s\000t\000\040\000C\000a\000s\000e\000\040\000D\000e\000s\000i\000g\000n\000\040\000M\000e\000t\000h\000o\000d\000o\000l\000o\000g\000y}{section.4.3}% 56
\BOOKMARK [1][-]{section.4.4}{\376\377\000I\000m\000p\000l\000e\000m\000e\000n\000t\000a\000t\000i\000o\000n\000\040\000w\000i\000t\000h\000\040\000P\000l\000a\000y\000w\000r\000i\000g\000h\000t}{chapter.4}% 57
\BOOKMARK [2][-]{subsection.4.4.1}{\376\377\000F\000r\000a\000m\000e\000w\000o\000r\000k\000\040\000S\000e\000t\000u\000p}{section.4.4}% 58
\BOOKMARK [2][-]{subsection.4.4.2}{\376\377\000T\000e\000s\000t\000\040\000S\000c\000r\000i\000p\000t\000\040\000D\000e\000v\000e\000l\000o\000p\000m\000e\000n\000t}{section.4.4}% 59
\BOOKMARK [2][-]{subsection.4.4.3}{\376\377\000T\000e\000s\000t\000\040\000E\000x\000e\000c\000u\000t\000i\000o\000n}{section.4.4}% 60
\BOOKMARK [1][-]{section.4.5}{\376\377\000R\000e\000s\000u\000l\000t\000s\000\040\000a\000n\000d\000\040\000A\000n\000a\000l\000y\000s\000i\000s}{chapter.4}% 61
\BOOKMARK [2][-]{subsection.4.5.1}{\376\377\000T\000e\000s\000t\000\040\000C\000o\000v\000e\000r\000a\000g\000e}{section.4.5}% 62
\BOOKMARK [2][-]{subsection.4.5.2}{\376\377\000C\000r\000o\000s\000s\000-\000B\000r\000o\000w\000s\000e\000r\000\040\000T\000e\000s\000t\000i\000n\000g}{section.4.5}% 63
\BOOKMARK [2][-]{subsection.4.5.3}{\376\377\000P\000e\000r\000f\000o\000r\000m\000a\000n\000c\000e\000\040\000C\000o\000n\000s\000i\000d\000e\000r\000a\000t\000i\000o\000n\000s}{section.4.5}% 64
\BOOKMARK [1][-]{section.4.6}{\376\377\000C\000I\000/\000C\000D\000\040\000I\000n\000t\000e\000g\000r\000a\000t\000i\000o\000n}{chapter.4}% 65
\BOOKMARK [2][-]{subsection.4.6.1}{\376\377\000G\000i\000t\000H\000u\000b\000\040\000A\000c\000t\000i\000o\000n\000s\000\040\000W\000o\000r\000k\000f\000l\000o\000w}{section.4.6}% 66
\BOOKMARK [2][-]{subsection.4.6.2}{\376\377\000T\000e\000s\000t\000\040\000A\000u\000t\000o\000m\000a\000t\000i\000o\000n\000\040\000P\000i\000p\000e\000l\000i\000n\000e}{section.4.6}% 67
\BOOKMARK [1][-]{section.4.7}{\376\377\000S\000u\000m\000m\000a\000r\000y}{chapter.4}% 68
\BOOKMARK [0][-]{chapter*.46}{\376\377\000S\000u\000m\000m\000a\000r\000y}{}% 69
