This is pdfTeX, Version 3.141592653-2.6-1.40.26 (MiKTeX 24.4) (preloaded format=pdflatex 2024.11.27)  20 DEC 2024 19:23
entering extended mode
 restricted \write18 enabled.
 file:line:error style messages enabled.
 %&-line parsing enabled.
**c:/Users/yssfm/summer-internship/report.tex
(c:/Users/yssfm/summer-internship/report.tex
LaTeX2e <2024-11-01>
L3 programming layer <2024-11-02>
(C:\Users\yssfm\AppData\Local\Programs\MiKTeX\tex/latex/base\report.cls
Document Class: report 2024/06/29 v1.4n Standard LaTeX document class
(C:\Users\yssfm\AppData\Local\Programs\MiKTeX\tex/latex/base\size12.clo
File: size12.clo 2024/06/29 v1.4n Standard LaTeX file (size option)
)
\c@part=\count196
\c@chapter=\count197
\c@section=\count198
\c@subsection=\count199
\c@subsubsection=\count266
\c@paragraph=\count267
\c@subparagraph=\count268
\c@figure=\count269
\c@table=\count270
\abovecaptionskip=\skip49
\belowcaptionskip=\skip50
\bibindent=\dimen141
) (C:\Users\yssfm\AppData\Local\Programs\MiKTeX\tex/latex/geometry\geometry.sty
Package: geometry 2020/01/02 v5.9 Page Geometry
 (C:\Users\yssfm\AppData\Local\Programs\MiKTeX\tex/latex/graphics\keyval.sty
Package: keyval 2022/05/29 v1.15 key=value parser (DPC)
\KV@toks@=\toks17
) (C:\Users\yssfm\AppData\Local\Programs\MiKTeX\tex/generic/iftex\ifvtex.sty
Package: ifvtex 2019/10/25 v1.7 ifvtex legacy package. Use iftex instead.
 (C:\Users\yssfm\AppData\Local\Programs\MiKTeX\tex/generic/iftex\iftex.sty
Package: iftex 2022/02/03 v1.0f TeX engine tests
))
\Gm@cnth=\count271
\Gm@cntv=\count272
\c@Gm@tempcnt=\count273
\Gm@bindingoffset=\dimen142
\Gm@wd@mp=\dimen143
\Gm@odd@mp=\dimen144
\Gm@even@mp=\dimen145
\Gm@layoutwidth=\dimen146
\Gm@layoutheight=\dimen147
\Gm@layouthoffset=\dimen148
\Gm@layoutvoffset=\dimen149
\Gm@dimlist=\toks18
 (C:\Users\yssfm\AppData\Local\Programs\MiKTeX\tex/latex/geometry\geometry.cfg)) (C:\Users\yssfm\AppData\Local\Programs\MiKTeX\tex/latex/titlesec\titlesec.sty
Package: titlesec 2023/10/27 v2.16 Sectioning titles
\ttl@box=\box52
\beforetitleunit=\skip51
\aftertitleunit=\skip52
\ttl@plus=\dimen150
\ttl@minus=\dimen151
\ttl@toksa=\toks19
\titlewidth=\dimen152
\titlewidthlast=\dimen153
\titlewidthfirst=\dimen154
) (C:\Users\yssfm\AppData\Local\Programs\MiKTeX\tex/latex/needspace\needspace.sty
Package: needspace 2010/09/12 v1.3d reserve vertical space
) (C:\Users\yssfm\AppData\Local\Programs\MiKTeX\tex/latex/microtype\microtype.sty
Package: microtype 2024/03/29 v3.1b Micro-typographical refinements (RS)
 (C:\Users\yssfm\AppData\Local\Programs\MiKTeX\tex/latex/etoolbox\etoolbox.sty
Package: etoolbox 2020/10/05 v2.5k e-TeX tools for LaTeX (JAW)
\etb@tempcnta=\count274
)
\MT@toks=\toks20
\MT@tempbox=\box53
\MT@count=\count275
LaTeX Info: Redefining \noprotrusionifhmode on input line 1061.
LaTeX Info: Redefining \leftprotrusion on input line 1062.
\MT@prot@toks=\toks21
LaTeX Info: Redefining \rightprotrusion on input line 1081.
LaTeX Info: Redefining \textls on input line 1392.
\MT@outer@kern=\dimen155
LaTeX Info: Redefining \textmicrotypecontext on input line 2013.
\MT@listname@count=\count276
 (C:\Users\yssfm\AppData\Local\Programs\MiKTeX\tex/latex/microtype\microtype-pdftex.def
File: microtype-pdftex.def 2024/03/29 v3.1b Definitions specific to pdftex (RS)
LaTeX Info: Redefining \lsstyle on input line 902.
LaTeX Info: Redefining \lslig on input line 902.
\MT@outer@space=\skip53
)
Package microtype Info: Loading configuration file microtype.cfg.
 (C:\Users\yssfm\AppData\Local\Programs\MiKTeX\tex/latex/microtype\microtype.cfg
File: microtype.cfg 2024/03/29 v3.1b microtype main configuration file (RS)
)) (C:\Users\yssfm\AppData\Local\Programs\MiKTeX\tex/latex/hyphenat\hyphenat.sty
Package: hyphenat 2009/09/02 v2.3c hyphenation utilities
\langwohyphens=\language79
LaTeX Info: Redefining \_ on input line 43.
) (C:\Users\yssfm\AppData\Local\Programs\MiKTeX\tex/latex/amsmath\amsmath.sty
Package: amsmath 2024/11/05 v2.17t AMS math features
\@mathmargin=\skip54

For additional information on amsmath, use the `?' option.
(C:\Users\yssfm\AppData\Local\Programs\MiKTeX\tex/latex/amsmath\amstext.sty
Package: amstext 2021/08/26 v2.01 AMS text
 (C:\Users\yssfm\AppData\Local\Programs\MiKTeX\tex/latex/amsmath\amsgen.sty
File: amsgen.sty 1999/11/30 v2.0 generic functions
\@emptytoks=\toks22
\ex@=\dimen156
)) (C:\Users\yssfm\AppData\Local\Programs\MiKTeX\tex/latex/amsmath\amsbsy.sty
Package: amsbsy 1999/11/29 v1.2d Bold Symbols
\pmbraise@=\dimen157
) (C:\Users\yssfm\AppData\Local\Programs\MiKTeX\tex/latex/amsmath\amsopn.sty
Package: amsopn 2022/04/08 v2.04 operator names
)
\inf@bad=\count277
LaTeX Info: Redefining \frac on input line 233.
\uproot@=\count278
\leftroot@=\count279
LaTeX Info: Redefining \overline on input line 398.
LaTeX Info: Redefining \colon on input line 409.
\classnum@=\count280
\DOTSCASE@=\count281
LaTeX Info: Redefining \ldots on input line 495.
LaTeX Info: Redefining \dots on input line 498.
LaTeX Info: Redefining \cdots on input line 619.
\Mathstrutbox@=\box54
\strutbox@=\box55
LaTeX Info: Redefining \big on input line 721.
LaTeX Info: Redefining \Big on input line 722.
LaTeX Info: Redefining \bigg on input line 723.
LaTeX Info: Redefining \Bigg on input line 724.
\big@size=\dimen158
LaTeX Font Info:    Redeclaring font encoding OML on input line 742.
LaTeX Font Info:    Redeclaring font encoding OMS on input line 743.
\macc@depth=\count282
LaTeX Info: Redefining \bmod on input line 904.
LaTeX Info: Redefining \pmod on input line 909.
LaTeX Info: Redefining \smash on input line 939.
LaTeX Info: Redefining \relbar on input line 969.
LaTeX Info: Redefining \Relbar on input line 970.
\c@MaxMatrixCols=\count283
\dotsspace@=\muskip17
\c@parentequation=\count284
\dspbrk@lvl=\count285
\tag@help=\toks23
\row@=\count286
\column@=\count287
\maxfields@=\count288
\andhelp@=\toks24
\eqnshift@=\dimen159
\alignsep@=\dimen160
\tagshift@=\dimen161
\tagwidth@=\dimen162
\totwidth@=\dimen163
\lineht@=\dimen164
\@envbody=\toks25
\multlinegap=\skip55
\multlinetaggap=\skip56
\mathdisplay@stack=\toks26
LaTeX Info: Redefining \[ on input line 2953.
LaTeX Info: Redefining \] on input line 2954.
) (C:\Users\yssfm\AppData\Local\Programs\MiKTeX\tex/latex/graphics\graphicx.sty
Package: graphicx 2021/09/16 v1.2d Enhanced LaTeX Graphics (DPC,SPQR)
 (C:\Users\yssfm\AppData\Local\Programs\MiKTeX\tex/latex/graphics\graphics.sty
Package: graphics 2024/08/06 v1.4g Standard LaTeX Graphics (DPC,SPQR)
 (C:\Users\yssfm\AppData\Local\Programs\MiKTeX\tex/latex/graphics\trig.sty
Package: trig 2023/12/02 v1.11 sin cos tan (DPC)
) (C:\Users\yssfm\AppData\Local\Programs\MiKTeX\tex/latex/graphics-cfg\graphics.cfg
File: graphics.cfg 2016/06/04 v1.11 sample graphics configuration
)
Package graphics Info: Driver file: pdftex.def on input line 106.
 (C:\Users\yssfm\AppData\Local\Programs\MiKTeX\tex/latex/graphics-def\pdftex.def
File: pdftex.def 2024/04/13 v1.2c Graphics/color driver for pdftex
))
\Gin@req@height=\dimen165
\Gin@req@width=\dimen166
) (C:\Users\yssfm\AppData\Local\Programs\MiKTeX\tex/latex/caption\caption.sty
Package: caption 2023/08/05 v3.6o Customizing captions (AR)
 (C:\Users\yssfm\AppData\Local\Programs\MiKTeX\tex/latex/caption\caption3.sty
Package: caption3 2023/07/31 v2.4d caption3 kernel (AR)
\caption@tempdima=\dimen167
\captionmargin=\dimen168
\caption@leftmargin=\dimen169
\caption@rightmargin=\dimen170
\caption@width=\dimen171
\caption@indent=\dimen172
\caption@parindent=\dimen173
\caption@hangindent=\dimen174
Package caption Info: Standard document class detected.
)
\c@caption@flags=\count289
\c@continuedfloat=\count290
) (C:\Users\yssfm\AppData\Local\Programs\MiKTeX\tex/latex/setspace\setspace.sty
Package: setspace 2022/12/04 v6.7b set line spacing
) (C:\Users\yssfm\AppData\Local\Programs\MiKTeX\tex/latex/cite\cite.sty
LaTeX Info: Redefining \cite on input line 302.
LaTeX Info: Redefining \nocite on input line 332.
Package: cite 2015/02/27  v 5.5
) (C:\Users\yssfm\AppData\Local\Programs\MiKTeX\tex/latex/lipsum\lipsum.sty (C:\Users\yssfm\AppData\Local\Programs\MiKTeX\tex/latex/l3packages/l3keys2e\l3keys2e.sty (C:\Users\yssfm\AppData\Local\Programs\MiKTeX\tex/latex/l3kernel\expl3.sty
Package: expl3 2024-11-02 L3 programming layer (loader) 
 (C:\Users\yssfm\AppData\Local\Programs\MiKTeX\tex/latex/l3backend\l3backend-pdftex.def
File: l3backend-pdftex.def 2024-05-08 L3 backend support: PDF output (pdfTeX)
\l__color_backend_stack_int=\count291
\l__pdf_internal_box=\box56
))
Package: l3keys2e 2024-08-16 LaTeX2e option processing using LaTeX3 keys
)
Package: lipsum 2021-09-20 v2.7 150 paragraphs of Lorem Ipsum dummy text
\g__lipsum_par_int=\count292
\l__lipsum_a_int=\count293
\l__lipsum_b_int=\count294
 (C:\Users\yssfm\AppData\Local\Programs\MiKTeX\tex/latex/lipsum\lipsum.ltd.tex)) (C:\Users\yssfm\AppData\Local\Programs\MiKTeX\tex/latex/float\float.sty
Package: float 2001/11/08 v1.3d Float enhancements (AL)
\c@float@type=\count295
\float@exts=\toks27
\float@box=\box57
\@float@everytoks=\toks28
\@floatcapt=\box58
) (C:\Users\yssfm\AppData\Local\Programs\MiKTeX\tex/latex/enumitem\enumitem.sty
Package: enumitem 2019/06/20 v3.9 Customized lists
\labelindent=\skip57
\enit@outerparindent=\dimen175
\enit@toks=\toks29
\enit@inbox=\box59
\enit@count@id=\count296
\enitdp@description=\count297
) (C:\Users\yssfm\AppData\Local\Programs\MiKTeX\tex/latex/hyperref\hyperref.sty
Package: hyperref 2024-11-05 v7.01l Hypertext links for LaTeX
 (C:\Users\yssfm\AppData\Local\Programs\MiKTeX\tex/latex/kvsetkeys\kvsetkeys.sty
Package: kvsetkeys 2022-10-05 v1.19 Key value parser (HO)
) (C:\Users\yssfm\AppData\Local\Programs\MiKTeX\tex/generic/kvdefinekeys\kvdefinekeys.sty
Package: kvdefinekeys 2019-12-19 v1.6 Define keys (HO)
) (C:\Users\yssfm\AppData\Local\Programs\MiKTeX\tex/generic/pdfescape\pdfescape.sty
Package: pdfescape 2019/12/09 v1.15 Implements pdfTeX's escape features (HO)
 (C:\Users\yssfm\AppData\Local\Programs\MiKTeX\tex/generic/ltxcmds\ltxcmds.sty
Package: ltxcmds 2023-12-04 v1.26 LaTeX kernel commands for general use (HO)
) (C:\Users\yssfm\AppData\Local\Programs\MiKTeX\tex/generic/pdftexcmds\pdftexcmds.sty
Package: pdftexcmds 2020-06-27 v0.33 Utility functions of pdfTeX for LuaTeX (HO)
 (C:\Users\yssfm\AppData\Local\Programs\MiKTeX\tex/generic/infwarerr\infwarerr.sty
Package: infwarerr 2019/12/03 v1.5 Providing info/warning/error messages (HO)
)
Package pdftexcmds Info: \pdf@primitive is available.
Package pdftexcmds Info: \pdf@ifprimitive is available.
Package pdftexcmds Info: \pdfdraftmode found.
)) (C:\Users\yssfm\AppData\Local\Programs\MiKTeX\tex/latex/hycolor\hycolor.sty
Package: hycolor 2020-01-27 v1.10 Color options for hyperref/bookmark (HO)
) (C:\Users\yssfm\AppData\Local\Programs\MiKTeX\tex/latex/hyperref\nameref.sty
Package: nameref 2023-11-26 v2.56 Cross-referencing by name of section
 (C:\Users\yssfm\AppData\Local\Programs\MiKTeX\tex/latex/refcount\refcount.sty
Package: refcount 2019/12/15 v3.6 Data extraction from label references (HO)
) (C:\Users\yssfm\AppData\Local\Programs\MiKTeX\tex/generic/gettitlestring\gettitlestring.sty
Package: gettitlestring 2019/12/15 v1.6 Cleanup title references (HO)
 (C:\Users\yssfm\AppData\Local\Programs\MiKTeX\tex/latex/kvoptions\kvoptions.sty
Package: kvoptions 2022-06-15 v3.15 Key value format for package options (HO)
))
\c@section@level=\count298
) (C:\Users\yssfm\AppData\Local\Programs\MiKTeX\tex/generic/stringenc\stringenc.sty
Package: stringenc 2019/11/29 v1.12 Convert strings between diff. encodings (HO)
)
\@linkdim=\dimen176
\Hy@linkcounter=\count299
\Hy@pagecounter=\count300
 (C:\Users\yssfm\AppData\Local\Programs\MiKTeX\tex/latex/hyperref\pd1enc.def
File: pd1enc.def 2024-11-05 v7.01l Hyperref: PDFDocEncoding definition (HO)
Now handling font encoding PD1 ...
... no UTF-8 mapping file for font encoding PD1
) (C:\Users\yssfm\AppData\Local\Programs\MiKTeX\tex/generic/intcalc\intcalc.sty
Package: intcalc 2019/12/15 v1.3 Expandable calculations with integers (HO)
)
\Hy@SavedSpaceFactor=\count301
 (C:\Users\yssfm\AppData\Local\Programs\MiKTeX\tex/latex/hyperref\puenc.def
File: puenc.def 2024-11-05 v7.01l Hyperref: PDF Unicode definition (HO)
Now handling font encoding PU ...
... no UTF-8 mapping file for font encoding PU
)
Package hyperref Info: Hyper figures OFF on input line 4157.
Package hyperref Info: Link nesting OFF on input line 4162.
Package hyperref Info: Hyper index ON on input line 4165.
Package hyperref Info: Plain pages OFF on input line 4172.
Package hyperref Info: Backreferencing OFF on input line 4177.
Package hyperref Info: Implicit mode ON; LaTeX internals redefined.
Package hyperref Info: Bookmarks ON on input line 4424.
\c@Hy@tempcnt=\count302
 (C:\Users\yssfm\AppData\Local\Programs\MiKTeX\tex/latex/url\url.sty
\Urlmuskip=\muskip18
Package: url 2013/09/16  ver 3.4  Verb mode for urls, etc.
)
LaTeX Info: Redefining \url on input line 4763.
\XeTeXLinkMargin=\dimen177
 (C:\Users\yssfm\AppData\Local\Programs\MiKTeX\tex/generic/bitset\bitset.sty
Package: bitset 2019/12/09 v1.3 Handle bit-vector datatype (HO)
 (C:\Users\yssfm\AppData\Local\Programs\MiKTeX\tex/generic/bigintcalc\bigintcalc.sty
Package: bigintcalc 2019/12/15 v1.5 Expandable calculations on big integers (HO)
))
\Fld@menulength=\count303
\Field@Width=\dimen178
\Fld@charsize=\dimen179
Package hyperref Info: Hyper figures OFF on input line 6042.
Package hyperref Info: Link nesting OFF on input line 6047.
Package hyperref Info: Hyper index ON on input line 6050.
Package hyperref Info: backreferencing OFF on input line 6057.
Package hyperref Info: Link coloring OFF on input line 6062.
Package hyperref Info: Link coloring with OCG OFF on input line 6067.
Package hyperref Info: PDF/A mode OFF on input line 6072.
 (C:\Users\yssfm\AppData\Local\Programs\MiKTeX\tex/latex/base\atbegshi-ltx.sty
Package: atbegshi-ltx 2021/01/10 v1.0c Emulation of the original atbegshi
package with kernel methods
)
\Hy@abspage=\count304
\c@Item=\count305
\c@Hfootnote=\count306
)
Package hyperref Info: Driver (autodetected): hpdftex.
 (C:\Users\yssfm\AppData\Local\Programs\MiKTeX\tex/latex/hyperref\hpdftex.def
File: hpdftex.def 2024-11-05 v7.01l Hyperref driver for pdfTeX
 (C:\Users\yssfm\AppData\Local\Programs\MiKTeX\tex/latex/base\atveryend-ltx.sty
Package: atveryend-ltx 2020/08/19 v1.0a Emulation of the original atveryend package
with kernel methods
)
\Fld@listcount=\count307
\c@bookmark@seq@number=\count308
 (C:\Users\yssfm\AppData\Local\Programs\MiKTeX\tex/latex/rerunfilecheck\rerunfilecheck.sty
Package: rerunfilecheck 2022-07-10 v1.10 Rerun checks for auxiliary files (HO)
 (C:\Users\yssfm\AppData\Local\Programs\MiKTeX\tex/generic/uniquecounter\uniquecounter.sty
Package: uniquecounter 2019/12/15 v1.4 Provide unlimited unique counter (HO)
)
Package uniquecounter Info: New unique counter `rerunfilecheck' on input line 285.
)
\Hy@SectionHShift=\skip58
) (C:\Users\yssfm\AppData\Local\Programs\MiKTeX\tex/latex/psnfss\times.sty
Package: times 2020/03/25 PSNFSS-v9.3 (SPQR) 
) (C:\Users\yssfm\AppData\Local\Programs\MiKTeX\tex/latex/psnfss\mathptmx.sty
Package: mathptmx 2020/03/25 PSNFSS-v9.3 Times w/ Math, improved (SPQR, WaS) 
LaTeX Font Info:    Redeclaring symbol font `operators' on input line 28.
LaTeX Font Info:    Overwriting symbol font `operators' in version `normal'
(Font)                  OT1/cmr/m/n --> OT1/ztmcm/m/n on input line 28.
LaTeX Font Info:    Overwriting symbol font `operators' in version `bold'
(Font)                  OT1/cmr/bx/n --> OT1/ztmcm/m/n on input line 28.
LaTeX Font Info:    Redeclaring symbol font `letters' on input line 29.
LaTeX Font Info:    Overwriting symbol font `letters' in version `normal'
(Font)                  OML/cmm/m/it --> OML/ztmcm/m/it on input line 29.
LaTeX Font Info:    Overwriting symbol font `letters' in version `bold'
(Font)                  OML/cmm/b/it --> OML/ztmcm/m/it on input line 29.
LaTeX Font Info:    Redeclaring symbol font `symbols' on input line 30.
LaTeX Font Info:    Overwriting symbol font `symbols' in version `normal'
(Font)                  OMS/cmsy/m/n --> OMS/ztmcm/m/n on input line 30.
LaTeX Font Info:    Overwriting symbol font `symbols' in version `bold'
(Font)                  OMS/cmsy/b/n --> OMS/ztmcm/m/n on input line 30.
LaTeX Font Info:    Redeclaring symbol font `largesymbols' on input line 31.
LaTeX Font Info:    Overwriting symbol font `largesymbols' in version `normal'
(Font)                  OMX/cmex/m/n --> OMX/ztmcm/m/n on input line 31.
LaTeX Font Info:    Overwriting symbol font `largesymbols' in version `bold'
(Font)                  OMX/cmex/m/n --> OMX/ztmcm/m/n on input line 31.
\symbold=\mathgroup4
\symitalic=\mathgroup5
LaTeX Font Info:    Redeclaring math alphabet \mathbf on input line 34.
LaTeX Font Info:    Overwriting math alphabet `\mathbf' in version `normal'
(Font)                  OT1/cmr/bx/n --> OT1/ptm/bx/n on input line 34.
LaTeX Font Info:    Overwriting math alphabet `\mathbf' in version `bold'
(Font)                  OT1/cmr/bx/n --> OT1/ptm/bx/n on input line 34.
LaTeX Font Info:    Redeclaring math alphabet \mathit on input line 35.
LaTeX Font Info:    Overwriting math alphabet `\mathit' in version `normal'
(Font)                  OT1/cmr/m/it --> OT1/ptm/m/it on input line 35.
LaTeX Font Info:    Overwriting math alphabet `\mathit' in version `bold'
(Font)                  OT1/cmr/bx/it --> OT1/ptm/m/it on input line 35.
LaTeX Info: Redefining \hbar on input line 50.
) (C:\Users\yssfm\AppData\Local\Programs\MiKTeX\tex/latex/base\fontenc.sty
Package: fontenc 2021/04/29 v2.0v Standard LaTeX package
LaTeX Font Info:    Trying to load font information for T1+ptm on input line 116.
 (C:\Users\yssfm\AppData\Local\Programs\MiKTeX\tex/latex/psnfss\t1ptm.fd
File: t1ptm.fd 2001/06/04 font definitions for T1/ptm.
)) (C:\Users\yssfm\AppData\Local\Programs\MiKTeX\tex/latex/ragged2e\ragged2e.sty
Package: ragged2e 2023/06/22 v3.6 ragged2e Package
\CenteringLeftskip=\skip59
\RaggedLeftLeftskip=\skip60
\RaggedRightLeftskip=\skip61
\CenteringRightskip=\skip62
\RaggedLeftRightskip=\skip63
\RaggedRightRightskip=\skip64
\CenteringParfillskip=\skip65
\RaggedLeftParfillskip=\skip66
\RaggedRightParfillskip=\skip67
\JustifyingParfillskip=\skip68
\CenteringParindent=\skip69
\RaggedLeftParindent=\skip70
\RaggedRightParindent=\skip71
\JustifyingParindent=\skip72
) (report.aux)
\openout1 = `report.aux'.

LaTeX Font Info:    Checking defaults for OML/cmm/m/it on input line 53.
LaTeX Font Info:    ... okay on input line 53.
LaTeX Font Info:    Checking defaults for OMS/cmsy/m/n on input line 53.
LaTeX Font Info:    ... okay on input line 53.
LaTeX Font Info:    Checking defaults for OT1/cmr/m/n on input line 53.
LaTeX Font Info:    ... okay on input line 53.
LaTeX Font Info:    Checking defaults for T1/cmr/m/n on input line 53.
LaTeX Font Info:    ... okay on input line 53.
LaTeX Font Info:    Checking defaults for TS1/cmr/m/n on input line 53.
LaTeX Font Info:    ... okay on input line 53.
LaTeX Font Info:    Checking defaults for OMX/cmex/m/n on input line 53.
LaTeX Font Info:    ... okay on input line 53.
LaTeX Font Info:    Checking defaults for U/cmr/m/n on input line 53.
LaTeX Font Info:    ... okay on input line 53.
LaTeX Font Info:    Checking defaults for PD1/pdf/m/n on input line 53.
LaTeX Font Info:    ... okay on input line 53.
LaTeX Font Info:    Checking defaults for PU/pdf/m/n on input line 53.
LaTeX Font Info:    ... okay on input line 53.

*geometry* driver: auto-detecting
*geometry* detected driver: pdftex
*geometry* verbose mode - [ preamble ] result:
* driver: pdftex
* paper: a4paper
* layout: <same size as paper>
* layoutoffset:(h,v)=(0.0pt,0.0pt)
* modes: 
* h-part:(L,W,R)=(71.13188pt, 455.24411pt, 71.13188pt)
* v-part:(T,H,B)=(71.13188pt, 702.78308pt, 71.13188pt)
* \paperwidth=597.50787pt
* \paperheight=845.04684pt
* \textwidth=455.24411pt
* \textheight=702.78308pt
* \oddsidemargin=-1.1381pt
* \evensidemargin=-1.1381pt
* \topmargin=-54.59085pt
* \headheight=28.45274pt
* \headsep=25.0pt
* \topskip=12.0pt
* \footskip=28.45274pt
* \marginparwidth=35.0pt
* \marginparsep=10.0pt
* \columnsep=10.0pt
* \skip\footins=10.8pt plus 4.0pt minus 2.0pt
* \hoffset=0.0pt
* \voffset=0.0pt
* \mag=1000
* \@twocolumnfalse
* \@twosidefalse
* \@mparswitchfalse
* \@reversemarginfalse
* (1in=72.27pt=25.4mm, 1cm=28.453pt)

LaTeX Info: Redefining \microtypecontext on input line 53.
Package microtype Info: Applying patch `item' on input line 53.
Package microtype Info: Applying patch `toc' on input line 53.
Package microtype Info: Applying patch `eqnum' on input line 53.
Package microtype Info: Applying patch `footnote' on input line 53.
Package microtype Info: Applying patch `verbatim' on input line 53.
Package microtype Info: Generating PDF output.
Package microtype Info: Character protrusion enabled (level 2).
Package microtype Info: Using default protrusion set `alltext'.
Package microtype Info: Automatic font expansion enabled (level 2),
(microtype)             stretch: 10, shrink: 10, step: 1, non-selected.
Package microtype Info: Using default expansion set `alltext-nott'.
LaTeX Info: Redefining \showhyphens on input line 53.
Package microtype Info: No adjustment of tracking.
Package microtype Info: No adjustment of interword spacing.
Package microtype Info: No adjustment of character kerning.
(C:\Users\yssfm\AppData\Local\Programs\MiKTeX\tex/latex/microtype\mt-ptm.cfg
File: mt-ptm.cfg 2006/04/20 v1.7 microtype config. file: Times (RS)
) (C:\Users\yssfm\AppData\Local\Programs\MiKTeX\tex/context/base/mkii\supp-pdf.mkii
[Loading MPS to PDF converter (version 2006.09.02).]
\scratchcounter=\count309
\scratchdimen=\dimen180
\scratchbox=\box60
\nofMPsegments=\count310
\nofMParguments=\count311
\everyMPshowfont=\toks30
\MPscratchCnt=\count312
\MPscratchDim=\dimen181
\MPnumerator=\count313
\makeMPintoPDFobject=\count314
\everyMPtoPDFconversion=\toks31
) (C:\Users\yssfm\AppData\Local\Programs\MiKTeX\tex/latex/epstopdf-pkg\epstopdf-base.sty
Package: epstopdf-base 2020-01-24 v2.11 Base part for package epstopdf
Package epstopdf-base Info: Redefining graphics rule for `.eps' on input line 485.
 (C:\Users\yssfm\AppData\Local\Programs\MiKTeX\tex/latex/00miktex\epstopdf-sys.cfg
File: epstopdf-sys.cfg 2021/03/18 v2.0 Configuration of epstopdf for MiKTeX
))
Package caption Info: Begin \AtBeginDocument code.
Package caption Info: float package is loaded.
Package caption Info: hyperref package is loaded.
Package caption Info: End \AtBeginDocument code.
Package hyperref Info: Link coloring OFF on input line 53.
 (report.out) (report.out)
\@outlinefile=\write3
\openout3 = `report.out'.

 (project/acknowledgments.tex)

[1


{C:/Users/yssfm/AppData/Local/MiKTeX/fonts/map/pdftex/pdftex.map}{C:/Users/yssfm/AppData/Local/Programs/MiKTeX/fonts/enc/dvips/base/8r.enc}]

[2

] (report.toc
LaTeX Font Info:    Trying to load font information for OT1+ztmcm on input line 4.
 (C:\Users\yssfm\AppData\Local\Programs\MiKTeX\tex/latex/psnfss\ot1ztmcm.fd
File: ot1ztmcm.fd 2000/01/03 Fontinst v1.801 font definitions for OT1/ztmcm.
)
Package microtype Info: Loading generic protrusion settings for font family
(microtype)             `ztmcm' (encoding: OT1).
(microtype)             For optimal results, create family-specific settings.
(microtype)             See the microtype manual for details.
LaTeX Font Info:    Trying to load font information for OML+ztmcm on input line 4.
 (C:\Users\yssfm\AppData\Local\Programs\MiKTeX\tex/latex/psnfss\omlztmcm.fd
File: omlztmcm.fd 2000/01/03 Fontinst v1.801 font definitions for OML/ztmcm.
)
LaTeX Font Info:    Trying to load font information for OMS+ztmcm on input line 4.
 (C:\Users\yssfm\AppData\Local\Programs\MiKTeX\tex/latex/psnfss\omsztmcm.fd
File: omsztmcm.fd 2000/01/03 Fontinst v1.801 font definitions for OMS/ztmcm.
)
LaTeX Font Info:    Trying to load font information for OMX+ztmcm on input line 4.
 (C:\Users\yssfm\AppData\Local\Programs\MiKTeX\tex/latex/psnfss\omxztmcm.fd
File: omxztmcm.fd 2000/01/03 Fontinst v1.801 font definitions for OMX/ztmcm.
)
LaTeX Font Info:    Trying to load font information for OT1+ptm on input line 4.
 (C:\Users\yssfm\AppData\Local\Programs\MiKTeX\tex/latex/psnfss\ot1ptm.fd
File: ot1ptm.fd 2001/06/04 font definitions for OT1/ptm.
)
LaTeX Font Info:    Font shape `OT1/ptm/bx/n' in size <12> not available
(Font)              Font shape `OT1/ptm/b/n' tried instead on input line 4.
LaTeX Font Info:    Font shape `OT1/ptm/bx/n' in size <9> not available
(Font)              Font shape `OT1/ptm/b/n' tried instead on input line 4.
LaTeX Font Info:    Font shape `OT1/ptm/bx/n' in size <7> not available
(Font)              Font shape `OT1/ptm/b/n' tried instead on input line 4.


[3

]

[4])
\tf@toc=\write4
\openout4 = `report.toc'.



[5] (report.lof

[6

])
\tf@lof=\write5
\openout5 = `report.lof'.

 (project/introduction.tex

[7]
LaTeX Font Info:    Trying to load font information for TS1+ptm on input line 12.
 (C:\Users\yssfm\AppData\Local\Programs\MiKTeX\tex/latex/psnfss\ts1ptm.fd
File: ts1ptm.fd 2001/06/04 font definitions for TS1/ptm.
)) (project/chapter1.tex

[8

]
Chapter 1.
<project/images/seekmake.png, id=432, 120.45pt x 41.15375pt>
File: project/images/seekmake.png Graphic file (type png)
<use project/images/seekmake.png>
Package pdftex.def Info: project/images/seekmake.png  used on input line 8.
(pdftex.def)             Requested size: 120.44969pt x 41.15364pt.
<project/images/seekmake-homepage.png, id=434, 1927.2pt x 881.2925pt>
File: project/images/seekmake-homepage.png Graphic file (type png)
<use project/images/seekmake-homepage.png>
Package pdftex.def Info: project/images/seekmake-homepage.png  used on input line 15.
(pdftex.def)             Requested size: 455.24411pt x 208.17955pt.
) (project/chapter2.tex

[9

 <./project/images/seekmake.png> <./project/images/seekmake-homepage.png>]
Chapter 2.
LaTeX Font Info:    Font shape `OT1/ptm/bx/n' in size <10> not available
(Font)              Font shape `OT1/ptm/b/n' tried instead on input line 28.
LaTeX Font Info:    Font shape `OT1/ptm/bx/n' in size <7.4> not available
(Font)              Font shape `OT1/ptm/b/n' tried instead on input line 28.
LaTeX Font Info:    Font shape `OT1/ptm/bx/n' in size <6> not available
(Font)              Font shape `OT1/ptm/b/n' tried instead on input line 28.


[10

]

[11]

[12]
<project/images/ci-cd-flow-desktop.png, id=476, 829.0975pt x 156.585pt>
File: project/images/ci-cd-flow-desktop.png Graphic file (type png)
<use project/images/ci-cd-flow-desktop.png>
Package pdftex.def Info: project/images/ci-cd-flow-desktop.png  used on input line 89.
(pdftex.def)             Requested size: 455.24411pt x 85.97626pt.


[13 <./project/images/ci-cd-flow-desktop.png>]
Underfull \hbox (badness 1194) in paragraph at lines 117--118
[]\T1/ptm/b/n/12 (+10) Performance: \T1/ptm/m/n/12 (+10) Eval-u-ate the per-for-mance of the web ap-pli-ca-tion un-der dif-fer-ent
 []



[14]
Underfull \hbox (badness 2762) in paragraph at lines 132--133
[]\T1/ptm/b/n/12 (+10) Testing Tools: \T1/ptm/m/n/12 (+10) Test-ing tools in-clud-ing GitHub, Play-wright, Mi-crosoft Teams,
 []



[15]

[16]
<project/images/repo.png, id=511, 1927.2pt x 881.2925pt>
File: project/images/repo.png Graphic file (type png)
<use project/images/repo.png>
Package pdftex.def Info: project/images/repo.png  used on input line 177.
(pdftex.def)             Requested size: 455.24411pt x 208.17955pt.


[17 <./project/images/repo.png>]
<project/images/actions.png, id=520, 1927.2pt x 881.2925pt>
File: project/images/actions.png Graphic file (type png)
<use project/images/actions.png>
Package pdftex.def Info: project/images/actions.png  used on input line 188.
(pdftex.def)             Requested size: 455.24411pt x 208.17955pt.
<project/images/kanban.png, id=522, 1927.2pt x 881.2925pt>
File: project/images/kanban.png Graphic file (type png)
<use project/images/kanban.png>
Package pdftex.def Info: project/images/kanban.png  used on input line 200.
(pdftex.def)             Requested size: 455.24411pt x 208.17955pt.


[18 <./project/images/actions.png>]
<project/images/Playwright_Logo.svg.png, id=534, 1204.5pt x 243.91125pt>
File: project/images/Playwright_Logo.svg.png Graphic file (type png)
<use project/images/Playwright_Logo.svg.png>
Package pdftex.def Info: project/images/Playwright_Logo.svg.png  used on input line 212.
(pdftex.def)             Requested size: 227.62206pt x 46.09053pt.
<project/images/Microsoft_Office_Teams_(2018–present).svg.png, id=536, 770.88pt x 717.68124pt>
File: project/images/Microsoft_Office_Teams_(2018–present).svg.png Graphic file (type png)
<use project/images/Microsoft_Office_Teams_(2018–present).svg.png>
Package pdftex.def Info: project/images/Microsoft_Office_Teams_(2018–present).svg.png  used on input line 224.
(pdftex.def)             Requested size: 45.52718pt x 42.38005pt.


[19 <./project/images/kanban.png> <./project/images/Playwright_Logo.svg.png>]
<project/images/BrowserStack_idTaghUsQq_1.png, id=548, 57.816pt x 12.50272pt>
File: project/images/BrowserStack_idTaghUsQq_1.png Graphic file (type png)
<use project/images/BrowserStack_idTaghUsQq_1.png>
Package pdftex.def Info: project/images/BrowserStack_idTaghUsQq_1.png  used on input line 236.
(pdftex.def)             Requested size: 227.62206pt x 49.22601pt.
<project/images/lighthouse-logo_512px.png, id=549, 513.92pt x 513.92pt>
File: project/images/lighthouse-logo_512px.png Graphic file (type png)
<use project/images/lighthouse-logo_512px.png>
Package pdftex.def Info: project/images/lighthouse-logo_512px.png  used on input line 249.
(pdftex.def)             Requested size: 45.52718pt x 45.52151pt.


[20 <./project/images/Microsoft_Office_Teams_(2018–present).svg.png> <./project/images/BrowserStack_idTaghUsQq_1.png> <./project/images/lighthouse-logo_512px.png>]
<project/images/ep.png, id=561, 536.0025pt x 320.69812pt>
File: project/images/ep.png Graphic file (type png)
<use project/images/ep.png>
Package pdftex.def Info: project/images/ep.png  used on input line 280.
(pdftex.def)             Requested size: 227.62206pt x 136.18968pt.
<project/images/bva.png, id=563, 526.96875pt x 212.29312pt>
File: project/images/bva.png Graphic file (type png)
<use project/images/bva.png>
Package pdftex.def Info: project/images/bva.png  used on input line 295.
(pdftex.def)             Requested size: 227.62206pt x 91.69888pt.


[21 <./project/images/ep.png>]
<project/images/checklist.png, id=574, 1927.2pt x 881.2925pt>
File: project/images/checklist.png Graphic file (type png)
<use project/images/checklist.png>
Package pdftex.def Info: project/images/checklist.png  used on input line 322.
(pdftex.def)             Requested size: 455.24411pt x 208.17955pt.


[22 <./project/images/bva.png>]) (project/chapter3.tex

[23 <./project/images/checklist.png>]
Chapter 3.
<project/images/three-teams.png, id=588, 1045.9075pt x 755.82375pt>
File: project/images/three-teams.png Graphic file (type png)
<use project/images/three-teams.png>
Package pdftex.def Info: project/images/three-teams.png  used on input line 24.
(pdftex.def)             Requested size: 364.19667pt x 263.19292pt.


[24

]

[25 <./project/images/three-teams.png>]
<project/images/github-issue.png, id=601, 1927.2pt x 881.2925pt>
File: project/images/github-issue.png Graphic file (type png)
<use project/images/github-issue.png>
Package pdftex.def Info: project/images/github-issue.png  used on input line 48.
(pdftex.def)             Requested size: 455.24411pt x 208.17955pt.
<project/images/issue-confirmed.png, id=604, 1927.2pt x 881.2925pt>
File: project/images/issue-confirmed.png Graphic file (type png)
<use project/images/issue-confirmed.png>
Package pdftex.def Info: project/images/issue-confirmed.png  used on input line 65.
(pdftex.def)             Requested size: 455.24411pt x 208.17955pt.


[26 <./project/images/github-issue.png>]
<project/images/regression-test.png, id=612, 1927.2pt x 881.2925pt>
File: project/images/regression-test.png Graphic file (type png)
<use project/images/regression-test.png>
Package pdftex.def Info: project/images/regression-test.png  used on input line 86.
(pdftex.def)             Requested size: 455.24411pt x 208.17955pt.


[27 <./project/images/issue-confirmed.png>]

[28 <./project/images/regression-test.png>]
<project/images/incorrect-data.png, id=630, 702.37407pt x 609.02531pt>
File: project/images/incorrect-data.png Graphic file (type png)
<use project/images/incorrect-data.png>
Package pdftex.def Info: project/images/incorrect-data.png  used on input line 142.
(pdftex.def)             Requested size: 227.62206pt x 197.37329pt.


[29]
<project/images/dropdown-broken.png, id=635, 1445.4pt x 767.86874pt>
File: project/images/dropdown-broken.png Graphic file (type png)
<use project/images/dropdown-broken.png>
Package pdftex.def Info: project/images/dropdown-broken.png  used on input line 151.
(pdftex.def)             Requested size: 455.24411pt x 241.84479pt.


[30 <./project/images/incorrect-data.png>]

[31 <./project/images/dropdown-broken.png>]) (project/chapter4.tex

[32]
Chapter 4.

Underfull \hbox (badness 10000) in paragraph at lines 1--1
|[]\T1/ptm/b/n/24.88 (+10) End-to-End Test-ing and
 []



[33

]

[34]
<project/images/playwright-reporting-playwrightreport.png, id=661, 1927.2pt x 719.68875pt>
File: project/images/playwright-reporting-playwrightreport.png Graphic file (type png)
<use project/images/playwright-reporting-playwrightreport.png>
Package pdftex.def Info: project/images/playwright-reporting-playwrightreport.png  used on input line 61.
(pdftex.def)             Requested size: 455.24411pt x 170.0054pt.


[35 <./project/images/playwright-reporting-playwrightreport.png>]
<project/images/lighthouse-report.png, id=667, 1927.2pt x 881.2925pt>
File: project/images/lighthouse-report.png Graphic file (type png)
<use project/images/lighthouse-report.png>
Package pdftex.def Info: project/images/lighthouse-report.png  used on input line 87.
(pdftex.def)             Requested size: 455.24411pt x 208.17955pt.


[36 <./project/images/lighthouse-report.png>]) (project/summary.tex

[37]) (report.bbl

[38

]
LaTeX Font Info:    Trying to load font information for T1+pcr on input line 6.
 (C:\Users\yssfm\AppData\Local\Programs\MiKTeX\tex/latex/psnfss\t1pcr.fd
File: t1pcr.fd 2001/06/04 font definitions for T1/pcr.
)
Package microtype Info: Loading generic protrusion settings for font family
(microtype)             `pcr' (encoding: T1).
(microtype)             For optimal results, create family-specific settings.
(microtype)             See the microtype manual for details.

Underfull \hbox (badness 10000) in paragraph at lines 4--9
[]\T1/ptm/m/n/12 (+10) Atlassian.  []$\T1/pcr/m/n/12 https : / / www . atlassian . com / continuous-[]delivery /
 []


Overfull \hbox (2.8366pt too wide) in paragraph at lines 21--24
[]\T1/ptm/m/n/12 (-10) CircleCI.  []$\T1/pcr/m/n/12 https : / / circleci . com / blog / what-[]is-[]end-[]to-[]end-[]testing/$[]\T1/ptm/m/n/12 (-10) ,
 []


Underfull \hbox (badness 10000) in paragraph at lines 26--31
[]\T1/ptm/m/n/12 (+10) GitHub.  []$\T1/pcr/m/n/12 https : / / docs . github . com / en / get-[]started /
 []


Underfull \hbox (badness 10000) in paragraph at lines 33--38
[]\T1/ptm/m/n/12 (+10) GitHub Ac-tions.  []$\T1/pcr/m/n/12 https : / / docs . github . com / en / actions /
 []


Underfull \hbox (badness 10000) in paragraph at lines 40--45
[]\T1/ptm/m/n/12 (+10) GitHub Projects.  []$\T1/pcr/m/n/12 https : / / docs . github . com / en /
 []


Underfull \hbox (badness 10000) in paragraph at lines 40--45
\T1/pcr/m/n/12 issues / planning-[]and-[]tracking-[]with-[]projects /
 []


Underfull \hbox (badness 2384) in paragraph at lines 40--45
\T1/pcr/m/n/12 learning-[]about-[]projects / about-[]projects$[]\T1/ptm/m/n/12 (+10) , 2024.  [On-line; ac-cessed
 []


Underfull \hbox (badness 10000) in paragraph at lines 52--57
[]\T1/ptm/m/n/12 (+10) Microsoft Teams.  []$\T1/pcr/m/n/12 https : / / www . microsoft . com / en-[]us /
 []


Underfull \hbox (badness 4479) in paragraph at lines 52--57
\T1/pcr/m/n/12 microsoft-[]teams / small-[]medium-[]business$[]\T1/ptm/m/n/12 (+10) , 2024.  [On-line; ac-cessed
 []



[39

]
Underfull \hbox (badness 1132) in paragraph at lines 69--72
[]\T1/ptm/m/n/12 (+10) Scrum.  []$\T1/pcr/m/n/12 https : / / www . scrum . org / learning-[]series / what-[]is-[]scrum/$[]\T1/ptm/m/n/12 (+10) ,
 []

)

[40] (report.aux)
 ***********
LaTeX2e <2024-11-01>
L3 programming layer <2024-11-02>
 ***********
Package rerunfilecheck Info: File `report.out' has not changed.
(rerunfilecheck)             Checksum: 63FF992E284B8269015FA2D539B46C05;10369.
 ) 
Here is how much of TeX's memory you used:
 15409 strings out of 473682
 256136 string characters out of 5719215
 763051 words of memory out of 5000000
 37863 multiletter control sequences out of 15000+600000
 619310 words of font info for 226 fonts, out of 8000000 for 9000
 1141 hyphenation exceptions out of 8191
 79i,8n,93p,1036b,601s stack positions out of 10000i,1000n,20000p,200000b,200000s
<C:/Users/yssfm/AppData/Local/Programs/MiKTeX/fonts/type1/urw/courier/ucrr8a.pfb><C:/Users/yssfm/AppData/Local/Programs/MiKTeX/fonts/type1/urw/times/utmb8a.pfb><C:/Users/yssfm/AppData/Local/Programs/MiKTeX/fonts/type1/urw/times/utmr8a.pfb><C:/Users/yssfm/AppData/Local/Programs/MiKTeX/fonts/type1/urw/times/utmri8a.pfb>
Output written on report.pdf (40 pages, 1935906 bytes).
PDF statistics:
 770 PDF objects out of 1000 (max. 8388607)
 174 named destinations out of 1000 (max. 500000)
 82066 words of extra memory for PDF output out of 89155 (max. 10000000)

